<?xml version="1.0" encoding="UTF-8"?>
<!-- Generated by org.testng.reporters.JUnitReportReporter -->
<testsuite hostname="NithinThantry" failures="0" tests="3" name="DemoAPIS.TestOne" time="4.812" errors="0" timestamp="2022-10-10T15:24:38 IST" skipped="0">
  <testcase classname="DemoAPIS.TestOne" name="testthree" time="4.139"/>
  <system-out/>
  <testcase classname="DemoAPIS.TestOne" name="testone" time="0.010"/>
  <system-out/>
  <testcase classname="DemoAPIS.TestOne" name="testtwo" time="0.663"/>
  <system-out/>
</testsuite> <!-- DemoAPIS.TestOne -->
